  Using bundled DotNet SDK
  Log file: C:\Users\zzzeh\AppData\Local\UnrealBuildTool\Log.txt
  Using 'git status' to determine working set for adaptive non-unity build (D:\Unreal Projects\prac).
  Building MyActorsEditor...
  Using Visual Studio 2019 14.29.30146 toolchain (C:\Program Files (x86)\Microsoft Visual Studio\2019\Community\VC\Tools\MSVC\14.29.30133) and Windows 10.0.19041.0 SDK (C:\Program Files (x86)\Windows Kits\10).
  [Adaptive Build] Excluded from MyActors unity file: ABPlayerController.cpp
  Determining max actions to execute in parallel (6 physical cores, 6 logical cores)
    Executing up to 6 processes, one per physical core
  Building 10 actions with 6 processes...
  [1/10] Compile MyActors.init.gen.cpp
  [2/10] Compile ABPlayerController.cpp
  [3/10] Compile ABCharacterStatComponent.cpp
  [4/10] Compile ABCharacterStatComponent.gen.cpp
  [5/10] Compile ABCharacterWidget.gen.cpp
  [6/10] Compile ABCharacterWidget.cpp
  [7/10] Compile ABCharacter.cpp
  [8/10] Link UnrealEditor-MyActors.lib
     D:\Unreal Projects\prac\MyActors\Intermediate\Build\Win64\UnrealEditor\Development\MyActors\UnrealEditor-MyActors.lib 라이브러리 및 D:\Unreal Projects\prac\MyActors\Intermediate\Build\Win64\UnrealEditor\Development\MyActors\UnrealEditor-MyActors.exp 개체를 생성하고 있습니다.
  [9/10] Link UnrealEditor-MyActors.dll
     D:\Unreal Projects\prac\MyActors\Intermediate\Build\Win64\UnrealEditor\Development\MyActors\UnrealEditor-MyActors.suppressed.lib 라이브러리 및 D:\Unreal Projects\prac\MyActors\Intermediate\Build\Win64\UnrealEditor\Development\MyActors\UnrealEditor-MyActors.suppressed.exp 개체를 생성하고 있습니다.
  [10/10] WriteMetadata MyActorsEditor.target
  Total time in Parallel executor: 366.74 seconds
  Total execution time: 380.65 seconds
